[2026-06-25 03:33:37Z INFO HostContext] No proxy settings were found based on environmental variables (http_proxy/https_proxy/HTTP_PROXY/HTTPS_PROXY)
[2026-06-25 03:33:37Z INFO HostContext] Well known directory 'Bin': 'C:\webroot\actions-runner\bin'
[2026-06-25 03:33:37Z INFO HostContext] Well known directory 'Root': 'C:\webroot\actions-runner'
[2026-06-25 03:33:37Z INFO HostContext] Well known config file 'Credentials': 'C:\webroot\actions-runner\.credentials'
[2026-06-25 03:33:37Z INFO HostContext] Well known directory 'Bin': 'C:\webroot\actions-runner\bin'
[2026-06-25 03:33:37Z INFO HostContext] Well known directory 'Root': 'C:\webroot\actions-runner'
[2026-06-25 03:33:37Z INFO HostContext] Well known config file 'Runner': 'C:\webroot\actions-runner\.runner'
[2026-06-25 03:33:37Z INFO Listener] Runner is built for Windows (X64) - win-x64.
[2026-06-25 03:33:37Z INFO Listener] RuntimeInformation: Microsoft Windows 10.0.26200.
[2026-06-25 03:33:37Z INFO Listener] Version: 2.322.0
[2026-06-25 03:33:37Z INFO Listener] Commit: 0edc478ca75d0a753dcbcec7405f3f26db67b1ac
[2026-06-25 03:33:37Z INFO Listener] Culture: en-US
[2026-06-25 03:33:37Z INFO Listener] UI Culture: ru-RU
[2026-06-25 03:33:37Z INFO HostContext] Well known directory 'Bin': 'C:\webroot\actions-runner\bin'
[2026-06-25 03:33:37Z INFO HostContext] Well known directory 'Root': 'C:\webroot\actions-runner'
[2026-06-25 03:33:37Z INFO Listener] Validating directory permissions for: 'C:\webroot\actions-runner'
[2026-06-25 03:33:37Z INFO CommandLineParser] Parse
[2026-06-25 03:33:37Z INFO CommandLineParser] Parsing 1 args
[2026-06-25 03:33:37Z INFO CommandLineParser] parsing argument
[2026-06-25 03:33:37Z INFO CommandLineParser] HasArgs: False
[2026-06-25 03:33:37Z INFO CommandLineParser] Adding Command: run
[2026-06-25 03:33:37Z INFO Listener] Arguments parsed
[2026-06-25 03:33:37Z INFO Runner] ExecuteCommand
[2026-06-25 03:33:37Z INFO ConfigurationStore] currentAssemblyLocation: C:\webroot\actions-runner\bin\Runner.Listener.dll
[2026-06-25 03:33:37Z INFO HostContext] Well known directory 'Bin': 'C:\webroot\actions-runner\bin'
[2026-06-25 03:33:37Z INFO ConfigurationStore] binPath: C:\webroot\actions-runner\bin
[2026-06-25 03:33:37Z INFO HostContext] Well known directory 'Bin': 'C:\webroot\actions-runner\bin'
[2026-06-25 03:33:37Z INFO HostContext] Well known directory 'Root': 'C:\webroot\actions-runner'
[2026-06-25 03:33:37Z INFO ConfigurationStore] RootFolder: C:\webroot\actions-runner
[2026-06-25 03:33:37Z INFO HostContext] Well known directory 'Bin': 'C:\webroot\actions-runner\bin'
[2026-06-25 03:33:37Z INFO HostContext] Well known directory 'Root': 'C:\webroot\actions-runner'
[2026-06-25 03:33:37Z INFO HostContext] Well known config file 'Runner': 'C:\webroot\actions-runner\.runner'
[2026-06-25 03:33:37Z INFO ConfigurationStore] ConfigFilePath: C:\webroot\actions-runner\.runner
[2026-06-25 03:33:37Z INFO HostContext] Well known directory 'Bin': 'C:\webroot\actions-runner\bin'
[2026-06-25 03:33:37Z INFO HostContext] Well known directory 'Root': 'C:\webroot\actions-runner'
[2026-06-25 03:33:37Z INFO HostContext] Well known config file 'Credentials': 'C:\webroot\actions-runner\.credentials'
[2026-06-25 03:33:37Z INFO ConfigurationStore] CredFilePath: C:\webroot\actions-runner\.credentials
[2026-06-25 03:33:37Z INFO HostContext] Well known directory 'Bin': 'C:\webroot\actions-runner\bin'
[2026-06-25 03:33:37Z INFO HostContext] Well known directory 'Root': 'C:\webroot\actions-runner'
[2026-06-25 03:33:37Z INFO HostContext] Well known config file 'MigratedCredentials': 'C:\webroot\actions-runner\.credentials_migrated'
[2026-06-25 03:33:37Z INFO ConfigurationStore] MigratedCredFilePath: C:\webroot\actions-runner\.credentials_migrated
[2026-06-25 03:33:37Z INFO HostContext] Well known directory 'Bin': 'C:\webroot\actions-runner\bin'
[2026-06-25 03:33:37Z INFO HostContext] Well known directory 'Root': 'C:\webroot\actions-runner'
[2026-06-25 03:33:37Z INFO HostContext] Well known config file 'Service': 'C:\webroot\actions-runner\.service'
[2026-06-25 03:33:37Z INFO ConfigurationStore] ServiceConfigFilePath: C:\webroot\actions-runner\.service
[2026-06-25 03:33:37Z INFO CommandSettings] Flag 'help': 'False'
[2026-06-25 03:33:37Z INFO CommandSettings] Flag 'version': 'False'
[2026-06-25 03:33:37Z INFO CommandSettings] Flag 'commit': 'False'
[2026-06-25 03:33:37Z INFO CommandSettings] Flag 'check': 'False'
[2026-06-25 03:33:37Z INFO CommandSettings] Command 'configure': 'False'
[2026-06-25 03:33:37Z INFO CommandSettings] Command 'remove': 'False'
[2026-06-25 03:33:37Z INFO CommandSettings] Command 'warmup': 'False'
[2026-06-25 03:33:37Z INFO ConfigurationManager] LoadSettings
[2026-06-25 03:33:37Z INFO ConfigurationStore] IsConfigured()
[2026-06-25 03:33:37Z INFO ConfigurationStore] IsConfigured: True
[2026-06-25 03:33:37Z INFO ConfigurationManager] Is configured: True
[2026-06-25 03:33:37Z INFO ConfigurationStore] Read setting file: 304 chars
[2026-06-25 03:33:37Z INFO ConfigurationManager] Settings Loaded
[2026-06-25 03:33:37Z INFO ConfigurationStore] IsServiceConfigured()
[2026-06-25 03:33:37Z INFO ConfigurationStore] IsServiceConfigured: True
[2026-06-25 03:33:37Z INFO CommandSettings] Command 'run': 'True'
[2026-06-25 03:33:37Z INFO ConfigurationStore] IsConfigured()
[2026-06-25 03:33:37Z INFO ConfigurationStore] IsConfigured: True
[2026-06-25 03:33:37Z INFO ConfigurationManager] Is configured: True
[2026-06-25 03:33:37Z INFO Runner] Try determine runner startup type base on console redirects.
[2026-06-25 03:33:37Z INFO Runner] Set runner startup type - Manual
[2026-06-25 03:33:37Z INFO CommandSettings] Flag 'once': 'False'
[2026-06-25 03:33:37Z INFO CommandSettings] Flag 'once': 'False'
[2026-06-25 03:33:37Z INFO Runner] RunAsync
[2026-06-25 03:33:37Z INFO ConfigurationManager] LoadSettings
[2026-06-25 03:33:37Z INFO ConfigurationStore] IsConfigured()
[2026-06-25 03:33:37Z INFO ConfigurationStore] IsConfigured: True
[2026-06-25 03:33:37Z INFO ConfigurationManager] Is configured: True
[2026-06-25 03:33:37Z INFO ConfigurationManager] Settings Loaded
[2026-06-25 03:33:37Z INFO MessageListener] {
  "AgentId": 3,
  "AgentName": "HELL_HONOR",
  "PoolId": 1,
  "PoolName": "Default",
  "ServerUrl": "https://pipelinesghubeus5.actions.githubusercontent.com/EAYldGGSz5J1CMwBjzdNjIMLqQdSzutseK4rZmq3Qjq895aKlg/",
  "GitHubUrl": "https://github.com/hellknife/my-web-app",
  "WorkFolder": "_work"
}
[2026-06-25 03:33:37Z INFO MessageListener] Loading Credentials
[2026-06-25 03:33:37Z INFO ConfigurationStore] HasCredentials()
[2026-06-25 03:33:37Z INFO ConfigurationStore] stored True
[2026-06-25 03:33:37Z INFO CredentialManager] GetCredentialProvider
[2026-06-25 03:33:37Z INFO CredentialManager] Creating type OAuth
[2026-06-25 03:33:37Z INFO CredentialManager] Creating credential type: OAuth
[2026-06-25 03:33:37Z INFO HostContext] Well known directory 'Bin': 'C:\webroot\actions-runner\bin'
[2026-06-25 03:33:37Z INFO HostContext] Well known directory 'Root': 'C:\webroot\actions-runner'
[2026-06-25 03:33:37Z INFO HostContext] Well known config file 'RSACredentials': 'C:\webroot\actions-runner\.credentials_rsaparams'
[2026-06-25 03:33:37Z INFO RSAEncryptedFileKeyManager] Loading RSA key parameters from file C:\webroot\actions-runner\.credentials_rsaparams
[2026-06-25 03:33:37Z INFO MessageListener] Attempt to create session.
[2026-06-25 03:33:37Z INFO MessageListener] Connecting to the Runner Server...
[2026-06-25 03:33:37Z INFO RunnerServer] EstablishVssConnection
[2026-06-25 03:33:37Z INFO RunnerServer] Establish connection with 100 seconds timeout.
[2026-06-25 03:33:37Z INFO GitHubActionsService] Starting operation Location.GetConnectionData
[2026-06-25 03:33:37Z INFO RunnerServer] EstablishVssConnection
[2026-06-25 03:33:37Z INFO RunnerServer] Establish connection with 60 seconds timeout.
[2026-06-25 03:33:37Z INFO GitHubActionsService] Starting operation Location.GetConnectionData
[2026-06-25 03:33:37Z INFO RunnerServer] EstablishVssConnection
[2026-06-25 03:33:37Z INFO RunnerServer] Establish connection with 60 seconds timeout.
[2026-06-25 03:33:37Z INFO GitHubActionsService] Starting operation Location.GetConnectionData
[2026-06-25 03:33:39Z INFO GitHubActionsService] Finished operation Location.GetConnectionData
[2026-06-25 03:33:39Z INFO GitHubActionsService] Finished operation Location.GetConnectionData
[2026-06-25 03:33:39Z INFO GitHubActionsService] Finished operation Location.GetConnectionData
[2026-06-25 03:33:39Z INFO MessageListener] VssConnection created
[2026-06-25 03:33:39Z INFO Terminal] WRITE LINE: 
[2026-06-25 03:33:39Z INFO Terminal] WRITE LINE: 
[2026-06-25 03:33:39Z INFO RSAEncryptedFileKeyManager] Loading RSA key parameters from file C:\webroot\actions-runner\.credentials_rsaparams
[2026-06-25 03:33:39Z INFO RSAEncryptedFileKeyManager] Loading RSA key parameters from file C:\webroot\actions-runner\.credentials_rsaparams
[2026-06-25 03:33:41Z INFO GitHubActionsService] AAD Correlation ID for this token request: Unknown
[2026-06-25 03:33:41Z ERR  GitHubActionsService] POST request to https://pipelinesghubeus5.actions.githubusercontent.com/EAYldGGSz5J1CMwBjzdNjIMLqQdSzutseK4rZmq3Qjq895aKlg/_apis/distributedtask/pools/1/sessions failed. HTTP Status: Conflict
[2026-06-25 03:33:41Z ERR  MessageListener] Catch exception during create session.
[2026-06-25 03:33:41Z ERR  MessageListener] GitHub.DistributedTask.WebApi.TaskAgentSessionConflictException: The actions runner HELL_HONOR already has an active session.
   at GitHub.Services.WebApi.VssHttpClientBase.HandleResponseAsync(HttpResponseMessage response, CancellationToken cancellationToken)
   at GitHub.Services.WebApi.VssHttpClientBase.SendAsync(HttpRequestMessage message, HttpCompletionOption completionOption, Object userState, CancellationToken cancellationToken)
   at GitHub.Services.WebApi.VssHttpClientBase.SendAsync[T](HttpRequestMessage message, Object userState, CancellationToken cancellationToken)
   at GitHub.Services.WebApi.VssHttpClientBase.SendAsync[T](HttpMethod method, IEnumerable`1 additionalHeaders, Guid locationId, Object routeValues, ApiResourceVersion version, HttpContent content, IEnumerable`1 queryParameters, Object userState, CancellationToken cancellationToken)
   at GitHub.Runner.Listener.MessageListener.CreateSessionAsync(CancellationToken token)
[2026-06-25 03:33:41Z INFO MessageListener] The session for this runner already exists.
[2026-06-25 03:33:41Z ERR  Terminal] WRITE ERROR: A session for this runner already exists.
[2026-06-25 03:33:41Z INFO MessageListener] The session conflict exception haven't reached retry limit.
[2026-06-25 03:33:41Z ERR  Terminal] WRITE ERROR: 2026-06-25 03:33:41Z: Runner connect error: The actions runner HELL_HONOR already has an active session.. Retrying until reconnected.
[2026-06-25 03:33:41Z INFO MessageListener] Sleeping for 30 seconds before retrying.
[2026-06-25 03:34:11Z INFO MessageListener] Attempt to create session.
[2026-06-25 03:34:11Z INFO MessageListener] Connecting to the Runner Server...
[2026-06-25 03:34:11Z INFO RunnerServer] EstablishVssConnection
[2026-06-25 03:34:11Z INFO RunnerServer] Establish connection with 100 seconds timeout.
[2026-06-25 03:34:11Z INFO GitHubActionsService] Starting operation Location.GetConnectionData
[2026-06-25 03:34:11Z INFO RunnerServer] EstablishVssConnection
[2026-06-25 03:34:11Z INFO RunnerServer] Establish connection with 60 seconds timeout.
[2026-06-25 03:34:11Z INFO GitHubActionsService] Starting operation Location.GetConnectionData
[2026-06-25 03:34:11Z INFO RunnerServer] EstablishVssConnection
[2026-06-25 03:34:11Z INFO RunnerServer] Establish connection with 60 seconds timeout.
[2026-06-25 03:34:11Z INFO GitHubActionsService] Starting operation Location.GetConnectionData
[2026-06-25 03:34:13Z INFO GitHubActionsService] Finished operation Location.GetConnectionData
[2026-06-25 03:34:13Z INFO GitHubActionsService] Finished operation Location.GetConnectionData
[2026-06-25 03:34:13Z INFO GitHubActionsService] Finished operation Location.GetConnectionData
[2026-06-25 03:34:13Z INFO MessageListener] VssConnection created
[2026-06-25 03:34:13Z INFO Terminal] WRITE LINE: 
[2026-06-25 03:34:13Z INFO Terminal] WRITE LINE: 
[2026-06-25 03:34:13Z INFO MessageListener] Session created.
[2026-06-25 03:34:13Z INFO Terminal] WRITE LINE: 2026-06-25 03:34:13Z: Runner reconnected.
[2026-06-25 03:34:13Z INFO Terminal] WRITE LINE: Current runner version: '2.322.0'
[2026-06-25 03:34:13Z INFO Terminal] WRITE LINE: 2026-06-25 03:34:13Z: Listening for Jobs
[2026-06-25 03:34:13Z INFO JobDispatcher] Set runner/worker IPC timeout to 30 seconds.
[2026-06-25 03:34:14Z INFO RSAEncryptedFileKeyManager] Loading RSA key parameters from file C:\webroot\actions-runner\.credentials_rsaparams
[2026-06-25 03:34:15Z INFO GitHubActionsService] AAD Correlation ID for this token request: Unknown
[2026-06-25 07:40:23Z WARN GitHubActionsService] GET request to https://broker.actions.githubusercontent.com/message?sessionId=09473584-5683-40ab-9b2d-8ac16cca052d&status=Online&runnerVersion=2.322.0&os=Windows&architecture=X64&disableUpdate=false timed out after 100 seconds.
[2026-06-25 07:40:24Z ERR  BrokerServer] Catch exception during request
[2026-06-25 07:40:24Z ERR  BrokerServer] System.TimeoutException: The HTTP request timed out after 00:01:40.
 ---> System.Threading.Tasks.TaskCanceledException: The operation was canceled.
 ---> System.IO.IOException: Unable to read data from the transport connection: Операция ввода/вывода была прервана из-за завершения потока команд или по запросу приложения..
 ---> System.Net.Sockets.SocketException (995): Операция ввода/вывода была прервана из-за завершения потока команд или по запросу приложения.
   --- End of inner exception stack trace ---
   at System.Net.Sockets.Socket.AwaitableSocketAsyncEventArgs.ThrowException(SocketError error, CancellationToken cancellationToken)
   at System.Net.Sockets.Socket.AwaitableSocketAsyncEventArgs.System.Threading.Tasks.Sources.IValueTaskSource<System.Int32>.GetResult(Int16 token)
   at System.Net.Security.SslStream.EnsureFullTlsFrameAsync[TIOAdapter](CancellationToken cancellationToken, Int32 estimatedSize)
   at System.Runtime.CompilerServices.PoolingAsyncValueTaskMethodBuilder`1.StateMachineBox`1.System.Threading.Tasks.Sources.IValueTaskSource<TResult>.GetResult(Int16 token)
   at System.Net.Security.SslStream.ReadAsyncInternal[TIOAdapter](Memory`1 buffer, CancellationToken cancellationToken)
   at System.Runtime.CompilerServices.PoolingAsyncValueTaskMethodBuilder`1.StateMachineBox`1.System.Threading.Tasks.Sources.IValueTaskSource<TResult>.GetResult(Int16 token)
   at System.Net.Http.HttpConnection.SendAsync(HttpRequestMessage request, Boolean async, CancellationToken cancellationToken)
   --- End of inner exception stack trace ---
   at System.Net.Http.HttpConnection.SendAsync(HttpRequestMessage request, Boolean async, CancellationToken cancellationToken)
   at System.Net.Http.AuthenticationHelper.SendWithNtAuthAsync(HttpRequestMessage request, Uri authUri, Boolean async, ICredentials credentials, Boolean isProxyAuth, HttpConnection connection, HttpConnectionPool connectionPool, CancellationToken cancellationToken)
   at System.Net.Http.HttpConnectionPool.SendWithVersionDetectionAndRetryAsync(HttpRequestMessage request, Boolean async, Boolean doRequestAuth, CancellationToken cancellationToken)
   at System.Net.Http.AuthenticationHelper.SendWithAuthAsync(HttpRequestMessage request, Uri authUri, Boolean async, ICredentials credentials, Boolean preAuthenticate, Boolean isProxyAuth, Boolean doRequestAuth, HttpConnectionPool pool, CancellationToken cancellationToken)
   at System.Net.Http.RedirectHandler.SendAsync(HttpRequestMessage request, Boolean async, CancellationToken cancellationToken)
   at GitHub.Services.Common.RawHttpMessageHandler.SendAsync(HttpRequestMessage request, CancellationToken cancellationToken)
   --- End of inner exception stack trace ---
   at GitHub.Services.Common.RawHttpMessageHandler.SendAsync(HttpRequestMessage request, CancellationToken cancellationToken)
   at GitHub.Services.Common.VssHttpRetryMessageHandler.SendAsync(HttpRequestMessage request, CancellationToken cancellationToken)
   at System.Net.Http.HttpClient.<SendAsync>g__Core|83_0(HttpRequestMessage request, HttpCompletionOption completionOption, CancellationTokenSource cts, Boolean disposeCts, CancellationTokenSource pendingRequestsCts, CancellationToken originalCancellationToken)
   at Sdk.WebApi.WebApi.RawHttpClientBase.SendAsync(HttpRequestMessage message, HttpCompletionOption completionOption, Object userState, CancellationToken cancellationToken)
   at Sdk.WebApi.WebApi.RawHttpClientBase.SendAsync[T](HttpRequestMessage message, Boolean readErrorBody, Object userState, CancellationToken cancellationToken)
   at Sdk.WebApi.WebApi.RawHttpClientBase.SendAsync[T](HttpMethod method, IEnumerable`1 additionalHeaders, Uri requestUri, HttpContent content, IEnumerable`1 queryParameters, Boolean readErrorBody, Object userState, CancellationToken cancellationToken)
   at GitHub.Actions.RunService.WebApi.BrokerHttpClient.GetRunnerMessageAsync(Nullable`1 sessionId, String runnerVersion, Nullable`1 status, String os, String architecture, Nullable`1 disableUpdate, CancellationToken cancellationToken)
   at GitHub.Runner.Common.BrokerServer.<>c__DisplayClass7_0.<<GetRunnerMessageAsync>b__0>d.MoveNext()
--- End of stack trace from previous location ---
   at GitHub.Runner.Common.RunnerService.RetryRequest[T](Func`1 func, CancellationToken cancellationToken, Int32 maxRetryAttemptsCount, Func`2 shouldRetry)
[2026-06-25 07:40:24Z ERR  BrokerServer] #####################################################
[2026-06-25 07:40:24Z ERR  BrokerServer] System.Threading.Tasks.TaskCanceledException: The operation was canceled.
 ---> System.IO.IOException: Unable to read data from the transport connection: Операция ввода/вывода была прервана из-за завершения потока команд или по запросу приложения..
 ---> System.Net.Sockets.SocketException (995): Операция ввода/вывода была прервана из-за завершения потока команд или по запросу приложения.
   --- End of inner exception stack trace ---
   at System.Net.Sockets.Socket.AwaitableSocketAsyncEventArgs.ThrowException(SocketError error, CancellationToken cancellationToken)
   at System.Net.Sockets.Socket.AwaitableSocketAsyncEventArgs.System.Threading.Tasks.Sources.IValueTaskSource<System.Int32>.GetResult(Int16 token)
   at System.Net.Security.SslStream.EnsureFullTlsFrameAsync[TIOAdapter](CancellationToken cancellationToken, Int32 estimatedSize)
   at System.Runtime.CompilerServices.PoolingAsyncValueTaskMethodBuilder`1.StateMachineBox`1.System.Threading.Tasks.Sources.IValueTaskSource<TResult>.GetResult(Int16 token)
   at System.Net.Security.SslStream.ReadAsyncInternal[TIOAdapter](Memory`1 buffer, CancellationToken cancellationToken)
   at System.Runtime.CompilerServices.PoolingAsyncValueTaskMethodBuilder`1.StateMachineBox`1.System.Threading.Tasks.Sources.IValueTaskSource<TResult>.GetResult(Int16 token)
   at System.Net.Http.HttpConnection.SendAsync(HttpRequestMessage request, Boolean async, CancellationToken cancellationToken)
   --- End of inner exception stack trace ---
   at System.Net.Http.HttpConnection.SendAsync(HttpRequestMessage request, Boolean async, CancellationToken cancellationToken)
   at System.Net.Http.AuthenticationHelper.SendWithNtAuthAsync(HttpRequestMessage request, Uri authUri, Boolean async, ICredentials credentials, Boolean isProxyAuth, HttpConnection connection, HttpConnectionPool connectionPool, CancellationToken cancellationToken)
   at System.Net.Http.HttpConnectionPool.SendWithVersionDetectionAndRetryAsync(HttpRequestMessage request, Boolean async, Boolean doRequestAuth, CancellationToken cancellationToken)
   at System.Net.Http.AuthenticationHelper.SendWithAuthAsync(HttpRequestMessage request, Uri authUri, Boolean async, ICredentials credentials, Boolean preAuthenticate, Boolean isProxyAuth, Boolean doRequestAuth, HttpConnectionPool pool, CancellationToken cancellationToken)
   at System.Net.Http.RedirectHandler.SendAsync(HttpRequestMessage request, Boolean async, CancellationToken cancellationToken)
   at GitHub.Services.Common.RawHttpMessageHandler.SendAsync(HttpRequestMessage request, CancellationToken cancellationToken)
[2026-06-25 07:40:24Z ERR  BrokerServer] #####################################################
[2026-06-25 07:40:24Z ERR  BrokerServer] System.IO.IOException: Unable to read data from the transport connection: Операция ввода/вывода была прервана из-за завершения потока команд или по запросу приложения..
 ---> System.Net.Sockets.SocketException (995): Операция ввода/вывода была прервана из-за завершения потока команд или по запросу приложения.
   --- End of inner exception stack trace ---
   at System.Net.Sockets.Socket.AwaitableSocketAsyncEventArgs.ThrowException(SocketError error, CancellationToken cancellationToken)
   at System.Net.Sockets.Socket.AwaitableSocketAsyncEventArgs.System.Threading.Tasks.Sources.IValueTaskSource<System.Int32>.GetResult(Int16 token)
   at System.Net.Security.SslStream.EnsureFullTlsFrameAsync[TIOAdapter](CancellationToken cancellationToken, Int32 estimatedSize)
   at System.Runtime.CompilerServices.PoolingAsyncValueTaskMethodBuilder`1.StateMachineBox`1.System.Threading.Tasks.Sources.IValueTaskSource<TResult>.GetResult(Int16 token)
   at System.Net.Security.SslStream.ReadAsyncInternal[TIOAdapter](Memory`1 buffer, CancellationToken cancellationToken)
   at System.Runtime.CompilerServices.PoolingAsyncValueTaskMethodBuilder`1.StateMachineBox`1.System.Threading.Tasks.Sources.IValueTaskSource<TResult>.GetResult(Int16 token)
   at System.Net.Http.HttpConnection.SendAsync(HttpRequestMessage request, Boolean async, CancellationToken cancellationToken)
[2026-06-25 07:40:24Z ERR  BrokerServer] #####################################################
[2026-06-25 07:40:24Z ERR  BrokerServer] System.Net.Sockets.SocketException (995): Операция ввода/вывода была прервана из-за завершения потока команд или по запросу приложения.
[2026-06-25 07:40:24Z WARN BrokerServer] Back off 5.804 seconds before next retry. 4 attempt left.
[2026-06-25 07:40:31Z INFO RSAEncryptedFileKeyManager] Loading RSA key parameters from file C:\webroot\actions-runner\.credentials_rsaparams
[2026-06-25 07:40:33Z INFO GitHubActionsService] AAD Correlation ID for this token request: Unknown
[2026-06-25 07:41:23Z INFO MessageListener] No message retrieved from session '09473584-5683-40ab-9b2d-8ac16cca052d' within last 30 minutes.
[2026-06-25 07:41:25Z INFO RSAEncryptedFileKeyManager] Loading RSA key parameters from file C:\webroot\actions-runner\.credentials_rsaparams
[2026-06-25 07:41:26Z INFO GitHubActionsService] AAD Correlation ID for this token request: Unknown
[2026-06-25 07:49:11Z INFO MessageListener] Message '4959414286958502179' received from session '09473584-5683-40ab-9b2d-8ac16cca052d'.
[2026-06-25 07:49:11Z INFO ConfigurationStore] HasCredentials()
[2026-06-25 07:49:11Z INFO ConfigurationStore] stored True
[2026-06-25 07:49:11Z INFO CredentialManager] GetCredentialProvider
[2026-06-25 07:49:11Z INFO CredentialManager] Creating type OAuth
[2026-06-25 07:49:11Z INFO CredentialManager] Creating credential type: OAuth
[2026-06-25 07:49:11Z INFO RSAEncryptedFileKeyManager] Loading RSA key parameters from file C:\webroot\actions-runner\.credentials_rsaparams
[2026-06-25 07:49:11Z INFO RSAEncryptedFileKeyManager] Loading RSA key parameters from file C:\webroot\actions-runner\.credentials_rsaparams
[2026-06-25 07:49:11Z INFO RSAEncryptedFileKeyManager] Loading RSA key parameters from file C:\webroot\actions-runner\.credentials_rsaparams
[2026-06-25 07:49:13Z INFO GitHubActionsService] AAD Correlation ID for this token request: Unknown
[2026-06-25 07:49:15Z INFO JobDispatcher] Job request 0 for plan ee044a9b-319d-4070-aeac-a77b55e25cab job 7c90db47-3eba-577b-a40f-90aa95386b09 received.
[2026-06-25 07:49:15Z INFO MessageListener] Received job status event. JobState: Busy
[2026-06-25 07:49:15Z INFO MessageListener] _getMessagesTokenSource is already disposed.
[2026-06-25 07:49:15Z INFO Terminal] WRITE LINE: 2026-06-25 07:49:15Z: Running job: deploy
[2026-06-25 07:49:15Z INFO JobDispatcher] Start renew job request 0 for job 7c90db47-3eba-577b-a40f-90aa95386b09.
[2026-06-25 07:49:16Z INFO JobDispatcher] Successfully renew job 7c90db47-3eba-577b-a40f-90aa95386b09, job is valid till 6/25/2026 7:59:14 AM
[2026-06-25 07:49:16Z INFO HostContext] Well known directory 'Bin': 'C:\webroot\actions-runner\bin'
[2026-06-25 07:49:16Z INFO ProcessInvokerWrapper] Starting process:
[2026-06-25 07:49:16Z INFO ProcessInvokerWrapper]   File name: 'C:\webroot\actions-runner\bin\Runner.Worker.exe'
[2026-06-25 07:49:16Z INFO ProcessInvokerWrapper]   Arguments: 'spawnclient 2128 1484'
[2026-06-25 07:49:16Z INFO ProcessInvokerWrapper]   Working directory: 'C:\webroot\actions-runner\bin'
[2026-06-25 07:49:16Z INFO ProcessInvokerWrapper]   Require exit code zero: 'False'
[2026-06-25 07:49:16Z INFO ProcessInvokerWrapper]   Encoding web name:  ; code page: ''
[2026-06-25 07:49:16Z INFO ProcessInvokerWrapper]   Force kill process on cancellation: 'True'
[2026-06-25 07:49:16Z INFO ProcessInvokerWrapper]   Redirected STDIN: 'False'
[2026-06-25 07:49:16Z INFO ProcessInvokerWrapper]   Persist current code page: 'False'
[2026-06-25 07:49:16Z INFO ProcessInvokerWrapper]   Keep redirected STDIN open: 'False'
[2026-06-25 07:49:16Z INFO ProcessInvokerWrapper]   High priority process: 'True'
[2026-06-25 07:49:16Z INFO ProcessInvokerWrapper] Process started with process id 23756, waiting for process exit.
[2026-06-25 07:49:16Z INFO JobDispatcher] Send job request message to worker for job 7c90db47-3eba-577b-a40f-90aa95386b09.
[2026-06-25 07:49:16Z INFO ProcessChannel] Sending message of length 22138, with hash '4c36634cc33e8e77a024cbd41525a16e849809283422208ec247ba362339336e'
[2026-06-25 07:49:17Z INFO JobNotification] Entering JobStarted Notification
[2026-06-25 07:49:17Z INFO JobNotification] Entering StartMonitor
[2026-06-25 07:49:56Z INFO ProcessInvokerWrapper] STDOUT/STDERR stream read finished.
[2026-06-25 07:49:56Z INFO ProcessInvokerWrapper] STDOUT/STDERR stream read finished.
[2026-06-25 07:49:56Z INFO ProcessInvokerWrapper] Finished process 23756 with exit code 102, and elapsed time 00:00:39.7788339.
[2026-06-25 07:49:56Z INFO JobDispatcher] Worker finished for job 7c90db47-3eba-577b-a40f-90aa95386b09. Code: 102
[2026-06-25 07:49:56Z INFO JobDispatcher] finish job request for job 7c90db47-3eba-577b-a40f-90aa95386b09 with result: Failed
[2026-06-25 07:49:56Z INFO Terminal] WRITE LINE: 2026-06-25 07:49:56Z: Job deploy completed with result: Failed
[2026-06-25 07:49:56Z INFO JobDispatcher] Stop renew job request for job 7c90db47-3eba-577b-a40f-90aa95386b09.
[2026-06-25 07:49:56Z INFO JobDispatcher] job renew has been cancelled, stop renew job 7c90db47-3eba-577b-a40f-90aa95386b09.
[2026-06-25 07:49:56Z INFO JobNotification] Entering JobCompleted Notification
[2026-06-25 07:49:56Z INFO JobNotification] Entering EndMonitor
[2026-06-25 07:49:56Z INFO MessageListener] Received job status event. JobState: Online
