[2026-06-25 03:29:26Z INFO HostContext] No proxy settings were found based on environmental variables (http_proxy/https_proxy/HTTP_PROXY/HTTPS_PROXY)
[2026-06-25 03:29:26Z INFO HostContext] Well known directory 'Bin': 'C:\webroot\actions-runner\bin'
[2026-06-25 03:29:26Z INFO HostContext] Well known directory 'Root': 'C:\webroot\actions-runner'
[2026-06-25 03:29:26Z INFO HostContext] Well known config file 'Credentials': 'C:\webroot\actions-runner\.credentials'
[2026-06-25 03:29:26Z INFO HostContext] Well known directory 'Bin': 'C:\webroot\actions-runner\bin'
[2026-06-25 03:29:26Z INFO HostContext] Well known directory 'Root': 'C:\webroot\actions-runner'
[2026-06-25 03:29:26Z INFO HostContext] Well known config file 'Runner': 'C:\webroot\actions-runner\.runner'
[2026-06-25 03:29:26Z INFO Listener] Runner is built for Windows (X64) - win-x64.
[2026-06-25 03:29:26Z INFO Listener] RuntimeInformation: Microsoft Windows 10.0.26200.
[2026-06-25 03:29:26Z INFO Listener] Version: 2.322.0
[2026-06-25 03:29:26Z INFO Listener] Commit: 0edc478ca75d0a753dcbcec7405f3f26db67b1ac
[2026-06-25 03:29:26Z INFO Listener] Culture: en-US
[2026-06-25 03:29:26Z INFO Listener] UI Culture: ru-RU
[2026-06-25 03:29:26Z INFO HostContext] Well known directory 'Bin': 'C:\webroot\actions-runner\bin'
[2026-06-25 03:29:26Z INFO HostContext] Well known directory 'Root': 'C:\webroot\actions-runner'
[2026-06-25 03:29:26Z INFO Listener] Validating directory permissions for: 'C:\webroot\actions-runner'
[2026-06-25 03:29:26Z INFO CommandLineParser] Parse
[2026-06-25 03:29:26Z INFO CommandLineParser] Parsing 1 args
[2026-06-25 03:29:26Z INFO CommandLineParser] parsing argument
[2026-06-25 03:29:26Z INFO CommandLineParser] HasArgs: False
[2026-06-25 03:29:26Z INFO CommandLineParser] Adding Command: configure
[2026-06-25 03:29:26Z INFO Listener] Arguments parsed
[2026-06-25 03:29:26Z INFO Runner] ExecuteCommand
[2026-06-25 03:29:26Z INFO ConfigurationStore] currentAssemblyLocation: C:\webroot\actions-runner\bin\Runner.Listener.dll
[2026-06-25 03:29:26Z INFO HostContext] Well known directory 'Bin': 'C:\webroot\actions-runner\bin'
[2026-06-25 03:29:26Z INFO ConfigurationStore] binPath: C:\webroot\actions-runner\bin
[2026-06-25 03:29:26Z INFO HostContext] Well known directory 'Bin': 'C:\webroot\actions-runner\bin'
[2026-06-25 03:29:26Z INFO HostContext] Well known directory 'Root': 'C:\webroot\actions-runner'
[2026-06-25 03:29:26Z INFO ConfigurationStore] RootFolder: C:\webroot\actions-runner
[2026-06-25 03:29:26Z INFO HostContext] Well known directory 'Bin': 'C:\webroot\actions-runner\bin'
[2026-06-25 03:29:26Z INFO HostContext] Well known directory 'Root': 'C:\webroot\actions-runner'
[2026-06-25 03:29:26Z INFO HostContext] Well known config file 'Runner': 'C:\webroot\actions-runner\.runner'
[2026-06-25 03:29:26Z INFO ConfigurationStore] ConfigFilePath: C:\webroot\actions-runner\.runner
[2026-06-25 03:29:26Z INFO HostContext] Well known directory 'Bin': 'C:\webroot\actions-runner\bin'
[2026-06-25 03:29:26Z INFO HostContext] Well known directory 'Root': 'C:\webroot\actions-runner'
[2026-06-25 03:29:26Z INFO HostContext] Well known config file 'Credentials': 'C:\webroot\actions-runner\.credentials'
[2026-06-25 03:29:26Z INFO ConfigurationStore] CredFilePath: C:\webroot\actions-runner\.credentials
[2026-06-25 03:29:26Z INFO HostContext] Well known directory 'Bin': 'C:\webroot\actions-runner\bin'
[2026-06-25 03:29:26Z INFO HostContext] Well known directory 'Root': 'C:\webroot\actions-runner'
[2026-06-25 03:29:26Z INFO HostContext] Well known config file 'MigratedCredentials': 'C:\webroot\actions-runner\.credentials_migrated'
[2026-06-25 03:29:26Z INFO ConfigurationStore] MigratedCredFilePath: C:\webroot\actions-runner\.credentials_migrated
[2026-06-25 03:29:26Z INFO HostContext] Well known directory 'Bin': 'C:\webroot\actions-runner\bin'
[2026-06-25 03:29:26Z INFO HostContext] Well known directory 'Root': 'C:\webroot\actions-runner'
[2026-06-25 03:29:26Z INFO HostContext] Well known config file 'Service': 'C:\webroot\actions-runner\.service'
[2026-06-25 03:29:26Z INFO ConfigurationStore] ServiceConfigFilePath: C:\webroot\actions-runner\.service
[2026-06-25 03:29:26Z INFO CommandSettings] Flag 'help': 'False'
[2026-06-25 03:29:26Z INFO CommandSettings] Flag 'version': 'False'
[2026-06-25 03:29:26Z INFO CommandSettings] Flag 'commit': 'False'
[2026-06-25 03:29:26Z INFO CommandSettings] Flag 'check': 'False'
[2026-06-25 03:29:26Z INFO CommandSettings] Command 'configure': 'True'
[2026-06-25 03:29:26Z INFO Terminal] WRITE LINE: 
[2026-06-25 03:29:26Z INFO Terminal] WRITE LINE: --------------------------------------------------------------------------------
[2026-06-25 03:29:26Z INFO Terminal] WRITE LINE: |        ____ _ _   _   _       _          _        _   _                      |
[2026-06-25 03:29:26Z INFO Terminal] WRITE LINE: |       / ___(_) |_| | | |_   _| |__      / \   ___| |_(_) ___  _ __  ___      |
[2026-06-25 03:29:26Z INFO Terminal] WRITE LINE: |      | |  _| | __| |_| | | | | '_ \    / _ \ / __| __| |/ _ \| '_ \/ __|     |
[2026-06-25 03:29:26Z INFO Terminal] WRITE LINE: |      | |_| | | |_|  _  | |_| | |_) |  / ___ \ (__| |_| | (_) | | | \__ \     |
[2026-06-25 03:29:26Z INFO Terminal] WRITE LINE: |       \____|_|\__|_| |_|\__,_|_.__/  /_/   \_\___|\__|_|\___/|_| |_|___/     |
[2026-06-25 03:29:26Z INFO Terminal] WRITE LINE: |                                                                              |
[2026-06-25 03:29:26Z INFO Terminal] WRITE: |                       
[2026-06-25 03:29:26Z INFO Terminal] WRITE: Self-hosted runner registration
[2026-06-25 03:29:26Z INFO Terminal] WRITE LINE:                         |
[2026-06-25 03:29:26Z INFO Terminal] WRITE LINE: |                                                                              |
[2026-06-25 03:29:26Z INFO Terminal] WRITE LINE: --------------------------------------------------------------------------------
[2026-06-25 03:29:26Z INFO ConfigurationManager] ConfigureAsync
[2026-06-25 03:29:26Z INFO CommandSettings] Flag 'generateServiceConfig': 'False'
[2026-06-25 03:29:26Z INFO ConfigurationStore] IsConfigured()
[2026-06-25 03:29:26Z INFO ConfigurationStore] IsConfigured: False
[2026-06-25 03:29:26Z INFO ConfigurationManager] Is configured: False
[2026-06-25 03:29:26Z INFO CommandSettings] Arg 'url': ''
[2026-06-25 03:29:26Z INFO CommandSettings] Flag 'unattended': 'False'
[2026-06-25 03:29:26Z INFO PromptManager] ReadValue
[2026-06-25 03:29:26Z INFO Terminal] WRITE: What is the URL of your repository? 
[2026-06-25 03:29:26Z INFO Terminal] READ LINE
[2026-06-25 03:30:05Z INFO Terminal] Read value: 'https://github.com/hellknife/my-web-app'
[2026-06-25 03:30:05Z INFO CommandSettings] Arg 'token': ''
[2026-06-25 03:30:05Z INFO CommandSettings] Flag 'unattended': 'False'
[2026-06-25 03:30:05Z INFO PromptManager] ReadValue
[2026-06-25 03:30:05Z INFO Terminal] WRITE: What is your runner register token? 
[2026-06-25 03:30:05Z INFO Terminal] READ SECRET
[2026-06-25 03:30:47Z INFO Terminal] Read value: '***'
[2026-06-25 03:30:52Z INFO ConfigurationManager] Http response code: OK from 'POST https://api.github.com/actions/runner-registration' (E299:285D15:1C4A9EF:1B97C2F:6A3CA0EA)
[2026-06-25 03:30:52Z INFO ConfigurationManager] Using V2 flow: False
[2026-06-25 03:30:52Z INFO ConfigurationManager] cred retrieved via GitHub auth
[2026-06-25 03:30:52Z INFO RunnerServer] EstablishVssConnection
[2026-06-25 03:30:52Z INFO RunnerServer] Establish connection with 100 seconds timeout.
[2026-06-25 03:30:52Z INFO GitHubActionsService] Starting operation Location.GetConnectionData
[2026-06-25 03:30:52Z INFO RunnerServer] EstablishVssConnection
[2026-06-25 03:30:52Z INFO RunnerServer] Establish connection with 60 seconds timeout.
[2026-06-25 03:30:52Z INFO GitHubActionsService] Starting operation Location.GetConnectionData
[2026-06-25 03:30:52Z INFO RunnerServer] EstablishVssConnection
[2026-06-25 03:30:52Z INFO RunnerServer] Establish connection with 60 seconds timeout.
[2026-06-25 03:30:52Z INFO GitHubActionsService] Starting operation Location.GetConnectionData
[2026-06-25 03:30:54Z INFO GitHubActionsService] Finished operation Location.GetConnectionData
[2026-06-25 03:30:54Z INFO GitHubActionsService] Finished operation Location.GetConnectionData
[2026-06-25 03:30:54Z INFO GitHubActionsService] Finished operation Location.GetConnectionData
[2026-06-25 03:30:55Z INFO Terminal] WRITE LINE: 
[2026-06-25 03:30:55Z INFO ConfigurationManager] Test Connection complete.
[2026-06-25 03:30:55Z INFO HostContext] Well known directory 'Bin': 'C:\webroot\actions-runner\bin'
[2026-06-25 03:30:55Z INFO HostContext] Well known directory 'Root': 'C:\webroot\actions-runner'
[2026-06-25 03:30:55Z INFO HostContext] Well known config file 'RSACredentials': 'C:\webroot\actions-runner\.credentials_rsaparams'
[2026-06-25 03:30:55Z INFO RSAEncryptedFileKeyManager] Creating new RSA key using 2048-bit key length
[2026-06-25 03:30:55Z INFO RSAEncryptedFileKeyManager] Successfully saved RSA key parameters to file C:\webroot\actions-runner\.credentials_rsaparams
[2026-06-25 03:30:55Z INFO CommandSettings] Arg 'runnergroup': ''
[2026-06-25 03:30:55Z INFO CommandSettings] Flag 'unattended': 'False'
[2026-06-25 03:30:55Z INFO PromptManager] ReadValue
[2026-06-25 03:30:55Z INFO Terminal] WRITE: Enter the name of the runner group to add this runner to: 
[2026-06-25 03:30:55Z INFO Terminal] WRITE: [press Enter for Default] 
[2026-06-25 03:30:55Z INFO Terminal] READ LINE
[2026-06-25 03:31:36Z INFO Terminal] Read value: ''
[2026-06-25 03:31:36Z INFO PromptManager] Falling back to the default: 'Default'
[2026-06-25 03:31:36Z INFO Terminal] WRITE LINE: 
[2026-06-25 03:31:36Z INFO ConfigurationManager] Found a self-hosted runner group with id 1 and name Default
[2026-06-25 03:31:36Z INFO CommandSettings] Flag 'disableupdate': 'False'
[2026-06-25 03:31:36Z INFO CommandSettings] Flag 'ephemeral': 'False'
[2026-06-25 03:31:36Z INFO CommandSettings] Arg 'name': ''
[2026-06-25 03:31:36Z INFO CommandSettings] Flag 'unattended': 'False'
[2026-06-25 03:31:36Z INFO PromptManager] ReadValue
[2026-06-25 03:31:36Z INFO Terminal] WRITE: Enter the name of runner: 
[2026-06-25 03:31:36Z INFO Terminal] WRITE: [press Enter for HELL_HONOR] 
[2026-06-25 03:31:36Z INFO Terminal] READ LINE
[2026-06-25 03:31:53Z INFO Terminal] Read value: ''
[2026-06-25 03:31:53Z INFO PromptManager] Falling back to the default: 'HELL_HONOR'
[2026-06-25 03:31:53Z INFO Terminal] WRITE LINE: 
[2026-06-25 03:31:53Z INFO CommandSettings] Arg 'labels': ''
[2026-06-25 03:31:53Z INFO CommandSettings] Flag 'unattended': 'False'
[2026-06-25 03:31:53Z INFO PromptManager] ReadValue
[2026-06-25 03:31:53Z INFO Terminal] WRITE: This runner will have the following labels: 'self-hosted', 'Windows', 'X64' 
Enter any additional labels (ex. label-1,label-2): 
[2026-06-25 03:31:53Z INFO Terminal] WRITE: [press Enter to skip] 
[2026-06-25 03:31:53Z INFO Terminal] READ LINE
[2026-06-25 03:32:22Z INFO Terminal] Read value: ''
[2026-06-25 03:32:22Z INFO Terminal] WRITE LINE: 
[2026-06-25 03:32:23Z INFO CommandSettings] Flag 'disableupdate': 'False'
[2026-06-25 03:32:23Z INFO CommandSettings] Flag 'no-default-labels': 'False'
[2026-06-25 03:32:24Z INFO CommandSettings] Flag 'disableupdate': 'False'
[2026-06-25 03:32:24Z INFO CommandSettings] Flag 'ephemeral': 'False'
[2026-06-25 03:32:24Z INFO ConfigurationStore] Saving OAuth credential @ C:\webroot\actions-runner\.credentials
[2026-06-25 03:32:24Z INFO ConfigurationStore] Credentials Saved.
[2026-06-25 03:32:24Z INFO ConfigurationStore] HasCredentials()
[2026-06-25 03:32:24Z INFO ConfigurationStore] stored True
[2026-06-25 03:32:24Z INFO CredentialManager] GetCredentialProvider
[2026-06-25 03:32:24Z INFO CredentialManager] Creating type OAuth
[2026-06-25 03:32:24Z INFO CredentialManager] Creating credential type: OAuth
[2026-06-25 03:32:24Z INFO RSAEncryptedFileKeyManager] Loading RSA key parameters from file C:\webroot\actions-runner\.credentials_rsaparams
[2026-06-25 03:32:24Z INFO RunnerServer] EstablishVssConnection
[2026-06-25 03:32:24Z INFO RunnerServer] Establish connection with 100 seconds timeout.
[2026-06-25 03:32:24Z INFO GitHubActionsService] Starting operation Location.GetConnectionData
[2026-06-25 03:32:24Z INFO RunnerServer] EstablishVssConnection
[2026-06-25 03:32:24Z INFO RunnerServer] Establish connection with 60 seconds timeout.
[2026-06-25 03:32:24Z INFO GitHubActionsService] Starting operation Location.GetConnectionData
[2026-06-25 03:32:24Z INFO RunnerServer] EstablishVssConnection
[2026-06-25 03:32:24Z INFO RunnerServer] Establish connection with 60 seconds timeout.
[2026-06-25 03:32:24Z INFO GitHubActionsService] Starting operation Location.GetConnectionData
[2026-06-25 03:32:26Z INFO GitHubActionsService] Finished operation Location.GetConnectionData
[2026-06-25 03:32:26Z INFO GitHubActionsService] Finished operation Location.GetConnectionData
[2026-06-25 03:32:26Z INFO GitHubActionsService] Finished operation Location.GetConnectionData
[2026-06-25 03:32:26Z INFO RSAEncryptedFileKeyManager] Loading RSA key parameters from file C:\webroot\actions-runner\.credentials_rsaparams
[2026-06-25 03:32:26Z INFO RSAEncryptedFileKeyManager] Loading RSA key parameters from file C:\webroot\actions-runner\.credentials_rsaparams
[2026-06-25 03:32:28Z INFO GitHubActionsService] AAD Correlation ID for this token request: Unknown
[2026-06-25 03:32:28Z INFO CommandSettings] Arg 'work': ''
[2026-06-25 03:32:28Z INFO CommandSettings] Flag 'unattended': 'False'
[2026-06-25 03:32:28Z INFO PromptManager] ReadValue
[2026-06-25 03:32:28Z INFO Terminal] WRITE: Enter name of work folder: 
[2026-06-25 03:32:28Z INFO Terminal] WRITE: [press Enter for _work] 
[2026-06-25 03:32:28Z INFO Terminal] READ LINE
[2026-06-25 03:32:41Z INFO Terminal] Read value: ''
[2026-06-25 03:32:41Z INFO PromptManager] Falling back to the default: '_work'
[2026-06-25 03:32:41Z INFO ConfigurationStore] Saving runner settings.
[2026-06-25 03:32:41Z INFO ConfigurationStore] Settings Saved.
[2026-06-25 03:32:41Z INFO Terminal] WRITE LINE: 
[2026-06-25 03:32:41Z INFO Terminal] WRITE LINE: 
[2026-06-25 03:32:41Z INFO CommandSettings] Flag 'runasservice': 'False'
[2026-06-25 03:32:41Z INFO CommandSettings] Flag 'unattended': 'False'
[2026-06-25 03:32:41Z INFO PromptManager] ReadValue
[2026-06-25 03:32:41Z INFO Terminal] WRITE: Would you like to run the runner as service? (Y/N) 
[2026-06-25 03:32:41Z INFO Terminal] WRITE: [press Enter for N] 
[2026-06-25 03:32:41Z INFO Terminal] READ LINE
[2026-06-25 03:32:56Z INFO Terminal] Read value: 'Y'
[2026-06-25 03:32:56Z INFO ConfigurationManager] Configuring to run the agent as service
[2026-06-25 03:32:56Z INFO CommandSettings] Arg 'windowslogonaccount': ''
[2026-06-25 03:32:56Z INFO CommandSettings] Flag 'unattended': 'False'
[2026-06-25 03:32:56Z INFO PromptManager] ReadValue
[2026-06-25 03:32:56Z INFO Terminal] WRITE: User account to use for the service 
[2026-06-25 03:32:56Z INFO Terminal] WRITE: [press Enter for NT AUTHORITY\NETWORK SERVICE] 
[2026-06-25 03:32:56Z INFO Terminal] READ LINE
[2026-06-25 03:33:13Z INFO Terminal] Read value: ''
[2026-06-25 03:33:13Z INFO PromptManager] Falling back to the default: 'NT AUTHORITY\NETWORK SERVICE'
[2026-06-25 03:33:13Z INFO WindowsServiceControlManager] LogonAccount after transforming: NT AUTHORITY\NETWORK SERVICE, user: NETWORK SERVICE, domain: NT AUTHORITY
[2026-06-25 03:33:13Z INFO WindowsServiceControlManager] Service name 'actions.runner.hellknife-my-web-app.HELL_HONOR' display name 'GitHub Actions Runner (hellknife-my-web-app.HELL_HONOR)' will be used for service configuration.
[2026-06-25 03:33:13Z INFO WindowsServiceControlManager] Verifying if the account has LogonAsService permission
[2026-06-25 03:33:13Z INFO NativeWindowsServiceHelper] Successfully grant logon as service privilege to account 'NETWORK SERVICE'
[2026-06-25 03:33:13Z INFO WindowsServiceControlManager] Create local group and grant folder permission to service logon account.
[2026-06-25 03:33:13Z INFO HostContext] Well known directory 'Bin': 'C:\webroot\actions-runner\bin'
[2026-06-25 03:33:13Z INFO HostContext] Well known directory 'Root': 'C:\webroot\actions-runner'
[2026-06-25 03:33:13Z INFO ConfigurationStore] Read setting file: 304 chars
[2026-06-25 03:33:13Z INFO HostContext] Well known directory 'Bin': 'C:\webroot\actions-runner\bin'
[2026-06-25 03:33:13Z INFO HostContext] Well known directory 'Root': 'C:\webroot\actions-runner'
[2026-06-25 03:33:13Z INFO HostContext] Well known directory 'Work': 'C:\webroot\actions-runner\_work'
[2026-06-25 03:33:13Z INFO HostContext] Well known directory 'Bin': 'C:\webroot\actions-runner\bin'
[2026-06-25 03:33:13Z INFO NativeWindowsServiceHelper] Calculated unique group name GITHUB_ActionsRunner_G439df
[2026-06-25 03:33:13Z INFO NativeWindowsServiceHelper] Trying to create group GITHUB_ActionsRunner_G439df
[2026-06-25 03:33:13Z INFO NativeWindowsServiceHelper] Local Group 'GITHUB_ActionsRunner_G439df' created
[2026-06-25 03:33:13Z INFO NativeWindowsServiceHelper] Trying to add userName NT AUTHORITY\NETWORK SERVICE to the group GITHUB_ActionsRunner_G439df
[2026-06-25 03:33:13Z INFO NativeWindowsServiceHelper] Account 'NT AUTHORITY\NETWORK SERVICE' is added to local group 'GITHUB_ActionsRunner_G439df'.
[2026-06-25 03:33:13Z INFO NativeWindowsServiceHelper] Set full access control to group for the folder C:\webroot\actions-runner
[2026-06-25 03:33:13Z INFO NativeWindowsServiceHelper] Set full access control to group for the folder C:\webroot\actions-runner\_work
[2026-06-25 03:33:13Z INFO NativeWindowsServiceHelper] Local group 'GITHUB_ActionsRunner_G439df' already has full control to path 'C:\webroot\actions-runner\_work'.
[2026-06-25 03:33:13Z INFO Terminal] WRITE LINE: Granting file permissions to 'NT AUTHORITY\NETWORK SERVICE'.
[2026-06-25 03:33:13Z INFO HostContext] Well known directory 'Bin': 'C:\webroot\actions-runner\bin'
[2026-06-25 03:33:13Z INFO ProcessInvokerWrapper] Starting process:
[2026-06-25 03:33:13Z INFO ProcessInvokerWrapper]   File name: '"C:\webroot\actions-runner\bin\RunnerService.exe"'
[2026-06-25 03:33:13Z INFO ProcessInvokerWrapper]   Arguments: 'init'
[2026-06-25 03:33:13Z INFO ProcessInvokerWrapper]   Working directory: ''
[2026-06-25 03:33:13Z INFO ProcessInvokerWrapper]   Require exit code zero: 'True'
[2026-06-25 03:33:13Z INFO ProcessInvokerWrapper]   Encoding web name:  ; code page: ''
[2026-06-25 03:33:13Z INFO ProcessInvokerWrapper]   Force kill process on cancellation: 'False'
[2026-06-25 03:33:13Z INFO ProcessInvokerWrapper]   Redirected STDIN: 'False'
[2026-06-25 03:33:13Z INFO ProcessInvokerWrapper]   Persist current code page: 'False'
[2026-06-25 03:33:13Z INFO ProcessInvokerWrapper]   Keep redirected STDIN open: 'False'
[2026-06-25 03:33:13Z INFO ProcessInvokerWrapper]   High priority process: 'False'
[2026-06-25 03:33:13Z INFO ProcessInvokerWrapper] Process started with process id 9300, waiting for process exit.
[2026-06-25 03:33:14Z INFO ProcessInvokerWrapper] STDOUT/STDERR stream read finished.
[2026-06-25 03:33:14Z INFO ProcessInvokerWrapper] STDOUT/STDERR stream read finished.
[2026-06-25 03:33:14Z INFO ProcessInvokerWrapper] Finished process 9300 with exit code 0, and elapsed time 00:00:00.1841381.
[2026-06-25 03:33:14Z INFO Terminal] WRITE LINE: Service actions.runner.hellknife-my-web-app.HELL_HONOR successfully installed
[2026-06-25 03:33:14Z INFO Terminal] WRITE LINE: Service actions.runner.hellknife-my-web-app.HELL_HONOR successfully set recovery option
[2026-06-25 03:33:14Z INFO Terminal] WRITE LINE: Service actions.runner.hellknife-my-web-app.HELL_HONOR successfully set to delayed auto start
[2026-06-25 03:33:14Z INFO Terminal] WRITE LINE: Service actions.runner.hellknife-my-web-app.HELL_HONOR successfully configured
[2026-06-25 03:33:14Z INFO HostContext] Well known directory 'Bin': 'C:\webroot\actions-runner\bin'
[2026-06-25 03:33:14Z INFO HostContext] Well known directory 'Root': 'C:\webroot\actions-runner'
[2026-06-25 03:33:14Z INFO HostContext] Well known config file 'Service': 'C:\webroot\actions-runner\.service'
[2026-06-25 03:33:14Z INFO WindowsServiceControlManager] Configuration was successful, trying to start the service
[2026-06-25 03:33:14Z INFO Terminal] WRITE LINE: Waiting for service to start...
[2026-06-25 03:33:14Z INFO Terminal] WRITE LINE: Service actions.runner.hellknife-my-web-app.HELL_HONOR started successfully
[2026-06-25 03:33:14Z INFO Listener] Runner execution has finished with return code 0
