[2026-06-25 02:08:36Z INFO HostContext] No proxy settings were found based on environmental variables (http_proxy/https_proxy/HTTP_PROXY/HTTPS_PROXY)
[2026-06-25 02:08:36Z INFO HostContext] Well known directory 'Bin': 'C:\webroot\actions-runner\bin'
[2026-06-25 02:08:36Z INFO HostContext] Well known directory 'Root': 'C:\webroot\actions-runner'
[2026-06-25 02:08:36Z INFO HostContext] Well known config file 'Credentials': 'C:\webroot\actions-runner\.credentials'
[2026-06-25 02:08:36Z INFO HostContext] Well known directory 'Bin': 'C:\webroot\actions-runner\bin'
[2026-06-25 02:08:36Z INFO HostContext] Well known directory 'Root': 'C:\webroot\actions-runner'
[2026-06-25 02:08:36Z INFO HostContext] Well known config file 'Runner': 'C:\webroot\actions-runner\.runner'
[2026-06-25 02:08:36Z INFO Listener] Runner is built for Windows (X64) - win-x64.
[2026-06-25 02:08:36Z INFO Listener] RuntimeInformation: Microsoft Windows 10.0.26200.
[2026-06-25 02:08:36Z INFO Listener] Version: 2.335.1
[2026-06-25 02:08:36Z INFO Listener] Commit: 7d737449ef346f6524f75688d0c9c95fa10ba10a
[2026-06-25 02:08:36Z INFO Listener] Culture: en-US
[2026-06-25 02:08:36Z INFO Listener] UI Culture: ru-RU
[2026-06-25 02:08:36Z INFO HostContext] Well known directory 'Bin': 'C:\webroot\actions-runner\bin'
[2026-06-25 02:08:36Z INFO HostContext] Well known directory 'Root': 'C:\webroot\actions-runner'
[2026-06-25 02:08:36Z INFO Listener] Validating directory permissions for: 'C:\webroot\actions-runner'
[2026-06-25 02:08:36Z INFO CommandLineParser] Parse
[2026-06-25 02:08:36Z INFO CommandLineParser] Parsing 1 args
[2026-06-25 02:08:36Z INFO CommandLineParser] parsing argument
[2026-06-25 02:08:36Z INFO CommandLineParser] HasArgs: False
[2026-06-25 02:08:36Z INFO CommandLineParser] Adding Command: run
[2026-06-25 02:08:36Z INFO Listener] Arguments parsed
[2026-06-25 02:08:36Z INFO Runner] ExecuteCommand
[2026-06-25 02:08:36Z INFO ConfigurationStore] currentAssemblyLocation: C:\webroot\actions-runner\bin\Runner.Listener.dll
[2026-06-25 02:08:36Z INFO HostContext] Well known directory 'Bin': 'C:\webroot\actions-runner\bin'
[2026-06-25 02:08:36Z INFO ConfigurationStore] binPath: C:\webroot\actions-runner\bin
[2026-06-25 02:08:36Z INFO HostContext] Well known directory 'Bin': 'C:\webroot\actions-runner\bin'
[2026-06-25 02:08:36Z INFO HostContext] Well known directory 'Root': 'C:\webroot\actions-runner'
[2026-06-25 02:08:36Z INFO ConfigurationStore] RootFolder: C:\webroot\actions-runner
[2026-06-25 02:08:36Z INFO HostContext] Well known directory 'Bin': 'C:\webroot\actions-runner\bin'
[2026-06-25 02:08:36Z INFO HostContext] Well known directory 'Root': 'C:\webroot\actions-runner'
[2026-06-25 02:08:36Z INFO HostContext] Well known config file 'Runner': 'C:\webroot\actions-runner\.runner'
[2026-06-25 02:08:36Z INFO ConfigurationStore] ConfigFilePath: C:\webroot\actions-runner\.runner
[2026-06-25 02:08:36Z INFO HostContext] Well known directory 'Bin': 'C:\webroot\actions-runner\bin'
[2026-06-25 02:08:36Z INFO HostContext] Well known directory 'Root': 'C:\webroot\actions-runner'
[2026-06-25 02:08:36Z INFO HostContext] Well known config file 'MigratedRunner': 'C:\webroot\actions-runner\.runner_migrated'
[2026-06-25 02:08:36Z INFO ConfigurationStore] MigratedConfigFilePath: C:\webroot\actions-runner\.runner_migrated
[2026-06-25 02:08:36Z INFO HostContext] Well known directory 'Bin': 'C:\webroot\actions-runner\bin'
[2026-06-25 02:08:36Z INFO HostContext] Well known directory 'Root': 'C:\webroot\actions-runner'
[2026-06-25 02:08:36Z INFO HostContext] Well known config file 'Credentials': 'C:\webroot\actions-runner\.credentials'
[2026-06-25 02:08:36Z INFO ConfigurationStore] CredFilePath: C:\webroot\actions-runner\.credentials
[2026-06-25 02:08:36Z INFO HostContext] Well known directory 'Bin': 'C:\webroot\actions-runner\bin'
[2026-06-25 02:08:36Z INFO HostContext] Well known directory 'Root': 'C:\webroot\actions-runner'
[2026-06-25 02:08:36Z INFO HostContext] Well known config file 'MigratedCredentials': 'C:\webroot\actions-runner\.credentials_migrated'
[2026-06-25 02:08:36Z INFO ConfigurationStore] MigratedCredFilePath: C:\webroot\actions-runner\.credentials_migrated
[2026-06-25 02:08:36Z INFO HostContext] Well known directory 'Bin': 'C:\webroot\actions-runner\bin'
[2026-06-25 02:08:36Z INFO HostContext] Well known directory 'Root': 'C:\webroot\actions-runner'
[2026-06-25 02:08:36Z INFO HostContext] Well known config file 'Service': 'C:\webroot\actions-runner\.service'
[2026-06-25 02:08:36Z INFO ConfigurationStore] ServiceConfigFilePath: C:\webroot\actions-runner\.service
[2026-06-25 02:08:36Z INFO CommandSettings] Flag 'help': 'False'
[2026-06-25 02:08:36Z INFO CommandSettings] Flag 'version': 'False'
[2026-06-25 02:08:36Z INFO CommandSettings] Flag 'commit': 'False'
[2026-06-25 02:08:36Z INFO CommandSettings] Flag 'check': 'False'
[2026-06-25 02:08:36Z INFO CommandSettings] Command 'configure': 'False'
[2026-06-25 02:08:36Z INFO CommandSettings] Command 'remove': 'False'
[2026-06-25 02:08:36Z INFO CommandSettings] Command 'warmup': 'False'
[2026-06-25 02:08:36Z INFO ConfigurationManager] LoadSettings
[2026-06-25 02:08:36Z INFO ConfigurationStore] IsConfigured()
[2026-06-25 02:08:36Z INFO ConfigurationStore] IsConfigured: True
[2026-06-25 02:08:36Z INFO ConfigurationManager] Is configured: True
[2026-06-25 02:08:36Z INFO ConfigurationStore] Read setting file: 393 chars
[2026-06-25 02:08:36Z INFO ConfigurationManager] Settings Loaded
[2026-06-25 02:08:36Z INFO ConfigurationStore] IsServiceConfigured()
[2026-06-25 02:08:36Z INFO ConfigurationStore] IsServiceConfigured: False
[2026-06-25 02:08:36Z INFO CommandSettings] Command 'run': 'True'
[2026-06-25 02:08:36Z INFO ConfigurationStore] IsConfigured()
[2026-06-25 02:08:36Z INFO ConfigurationStore] IsConfigured: True
[2026-06-25 02:08:36Z INFO ConfigurationManager] Is configured: True
[2026-06-25 02:08:36Z INFO Runner] Could not parse the argument value '' for StartupType. Defaulting to Manual
[2026-06-25 02:08:36Z INFO Runner] Set runner startup type - Manual
[2026-06-25 02:08:36Z INFO CommandSettings] Flag 'once': 'False'
[2026-06-25 02:08:36Z INFO CommandSettings] Flag 'once': 'False'
[2026-06-25 02:08:36Z INFO Runner] RunAsync
[2026-06-25 02:08:36Z INFO HostContext] Well known directory 'Bin': 'C:\webroot\actions-runner\bin'
[2026-06-25 02:08:36Z INFO HostContext] Well known directory 'Root': 'C:\webroot\actions-runner'
[2026-06-25 02:08:36Z INFO HostContext] Well known directory 'Work': 'C:\webroot\actions-runner\_work'
[2026-06-25 02:08:36Z INFO Runner] Validating directory permissions for: 'C:\webroot\actions-runner\_work'
[2026-06-25 02:08:36Z INFO ConfigurationManager] LoadMigratedSettings
[2026-06-25 02:08:36Z INFO ConfigurationStore] IsMigratedConfigured()
[2026-06-25 02:08:36Z INFO ConfigurationStore] IsMigratedConfigured: False
[2026-06-25 02:08:36Z INFO Runner] Failed to load migrated settings: No migrated configuration found.
[2026-06-25 02:08:36Z INFO Runner] Falling back to original .runner settings
[2026-06-25 02:08:36Z INFO Runner] Using BrokerMessageListener
[2026-06-25 02:08:36Z INFO BrokerMessageListener] Using provided settings
[2026-06-25 02:08:36Z INFO BrokerMessageListener] {
  "AgentId": 2,
  "AgentName": "HELL_HONOR",
  "PoolId": 1,
  "PoolName": "Default",
  "ServerUrl": "https://pipelinesghubeus5.actions.githubusercontent.com/EAYldGGSz5J1CMwBjzdNjIMLqQdSzutseK4rZmq3Qjq895aKlg/",
  "GitHubUrl": "https://github.com/hellknife/my-web-app",
  "WorkFolder": "_work",
  "UseV2Flow": true,
  "ServerUrlV2": "https://broker.actions.githubusercontent.com/"
}
[2026-06-25 02:08:36Z INFO BrokerMessageListener] Loading Credentials
[2026-06-25 02:08:36Z INFO ConfigurationStore] HasCredentials()
[2026-06-25 02:08:36Z INFO ConfigurationStore] stored True
[2026-06-25 02:08:36Z INFO CredentialManager] GetCredentialProvider
[2026-06-25 02:08:36Z INFO CredentialManager] Creating type OAuth
[2026-06-25 02:08:36Z INFO CredentialManager] Creating credential type: OAuth
[2026-06-25 02:08:36Z INFO HostContext] Well known directory 'Bin': 'C:\webroot\actions-runner\bin'
[2026-06-25 02:08:36Z INFO HostContext] Well known directory 'Root': 'C:\webroot\actions-runner'
[2026-06-25 02:08:36Z INFO HostContext] Well known config file 'RSACredentials': 'C:\webroot\actions-runner\.credentials_rsaparams'
[2026-06-25 02:08:36Z INFO RSAEncryptedFileKeyManager] Loading RSA key parameters from file C:\webroot\actions-runner\.credentials_rsaparams
[2026-06-25 02:08:36Z INFO BrokerMessageListener] Attempt to create session.
[2026-06-25 02:08:36Z INFO BrokerMessageListener] Connecting to the Broker Server...
[2026-06-25 02:08:36Z INFO ConfigurationStore] HasCredentials()
[2026-06-25 02:08:36Z INFO ConfigurationStore] stored True
[2026-06-25 02:08:36Z INFO CredentialManager] GetCredentialProvider
[2026-06-25 02:08:36Z INFO CredentialManager] Creating type OAuth
[2026-06-25 02:08:36Z INFO CredentialManager] Creating credential type: OAuth
[2026-06-25 02:08:36Z INFO RSAEncryptedFileKeyManager] Loading RSA key parameters from file C:\webroot\actions-runner\.credentials_rsaparams
[2026-06-25 02:08:36Z INFO BrokerMessageListener] VssConnection created
[2026-06-25 02:08:36Z INFO BrokerMessageListener] Connecting to the Runner server...
[2026-06-25 02:08:36Z INFO RunnerServer] EstablishVssConnection
[2026-06-25 02:08:36Z INFO RunnerServer] Establish connection with 100 seconds timeout.
[2026-06-25 02:08:36Z INFO GitHubActionsService] Starting operation Location.GetConnectionData
[2026-06-25 02:08:36Z INFO RunnerServer] EstablishVssConnection
[2026-06-25 02:08:36Z INFO RunnerServer] Establish connection with 60 seconds timeout.
[2026-06-25 02:08:36Z INFO GitHubActionsService] Starting operation Location.GetConnectionData
[2026-06-25 02:08:36Z INFO RunnerServer] EstablishVssConnection
[2026-06-25 02:08:36Z INFO RunnerServer] Establish connection with 60 seconds timeout.
[2026-06-25 02:08:36Z INFO GitHubActionsService] Starting operation Location.GetConnectionData
[2026-06-25 02:08:38Z INFO GitHubActionsService] Finished operation Location.GetConnectionData
[2026-06-25 02:08:38Z INFO GitHubActionsService] Finished operation Location.GetConnectionData
[2026-06-25 02:08:38Z INFO GitHubActionsService] Finished operation Location.GetConnectionData
[2026-06-25 02:08:38Z INFO BrokerMessageListener] VssConnection created
[2026-06-25 02:08:38Z INFO Terminal] WRITE LINE: 
[2026-06-25 02:08:38Z INFO Terminal] WRITE LINE: 
[2026-06-25 02:08:38Z INFO RSAEncryptedFileKeyManager] Loading RSA key parameters from file C:\webroot\actions-runner\.credentials_rsaparams
[2026-06-25 02:08:38Z INFO RSAEncryptedFileKeyManager] Loading RSA key parameters from file C:\webroot\actions-runner\.credentials_rsaparams
[2026-06-25 02:08:40Z INFO GitHubActionsService] AAD Correlation ID for this token request: Unknown
[2026-06-25 02:08:41Z INFO BrokerMessageListener] Session created.
[2026-06-25 02:08:41Z INFO Terminal] WRITE LINE: Current runner version: '2.335.1'
[2026-06-25 02:08:41Z INFO Terminal] WRITE LINE: 2026-06-25 02:08:41Z: Listening for Jobs
[2026-06-25 02:08:41Z INFO JobDispatcher] Set runner/worker IPC timeout to 30 seconds.
